\BOOKMARK [0][-]{chapter.1}{\376\377\000C\000l\000a\000s\000s\000\040\000I\000n\000d\000e\000x}{}% 1
\BOOKMARK [1][-]{section.1.1}{\376\377\000C\000l\000a\000s\000s\000\040\000L\000i\000s\000t}{chapter.1}% 2
\BOOKMARK [0][-]{chapter.2}{\376\377\000C\000l\000a\000s\000s\000\040\000D\000o\000c\000u\000m\000e\000n\000t\000a\000t\000i\000o\000n}{}% 3
\BOOKMARK [1][-]{section.2.1}{\376\377\000N\000R\000F\0002\0004\000L\0000\0001\000P\000\040\000C\000l\000a\000s\000s\000\040\000R\000e\000f\000e\000r\000e\000n\000c\000e}{chapter.2}% 4
\BOOKMARK [2][-]{subsection.2.1.1}{\376\377\000C\000o\000n\000s\000t\000r\000u\000c\000t\000o\000r\000\040\000\046\000\040\000D\000e\000s\000t\000r\000u\000c\000t\000o\000r\000\040\000D\000o\000c\000u\000m\000e\000n\000t\000a\000t\000i\000o\000n}{section.2.1}% 5
\BOOKMARK [3][-]{subsubsection.2.1.1.1}{\376\377\000N\000R\000F\0002\0004\000L\0000\0001\000P}{subsection.2.1.1}% 6
\BOOKMARK [2][-]{subsection.2.1.2}{\376\377\000M\000e\000m\000b\000e\000r\000\040\000F\000u\000n\000c\000t\000i\000o\000n\000\040\000D\000o\000c\000u\000m\000e\000n\000t\000a\000t\000i\000o\000n}{section.2.1}% 7
\BOOKMARK [3][-]{subsubsection.2.1.2.1}{\376\377\000c\000o\000n\000f\000i\000g\000u\000r\000e\000I\000n\000t\000e\000r\000r\000u\000p\000t}{subsection.2.1.2}% 8
\BOOKMARK [3][-]{subsubsection.2.1.2.2}{\376\377\000c\000o\000n\000f\000i\000g\000u\000r\000e\000W\000i\000d\000t\000h\000A\000d\000d\000r\000e\000s\000s}{subsection.2.1.2}% 9
\BOOKMARK [3][-]{subsubsection.2.1.2.3}{\376\377\000d\000i\000s\000a\000b\000l\000e\000A\000l\000l\000A\000u\000t\000o\000A\000c\000k}{subsection.2.1.2}% 10
\BOOKMARK [3][-]{subsubsection.2.1.2.4}{\376\377\000f\000l\000u\000s\000h\000R\000x}{subsection.2.1.2}% 11
\BOOKMARK [3][-]{subsubsection.2.1.2.5}{\376\377\000f\000l\000u\000s\000h\000T\000x}{subsection.2.1.2}% 12
\BOOKMARK [3][-]{subsubsection.2.1.2.6}{\376\377\000m\000a\000s\000k\000I\000r\000q}{subsection.2.1.2}% 13
\BOOKMARK [3][-]{subsubsection.2.1.2.7}{\376\377\000p\000o\000w\000e\000r\000D\000o\000w\000n}{subsection.2.1.2}% 14
\BOOKMARK [3][-]{subsubsection.2.1.2.8}{\376\377\000p\000o\000w\000e\000r\000U\000p}{subsection.2.1.2}% 15
\BOOKMARK [3][-]{subsubsection.2.1.2.9}{\376\377\000r\000e\000a\000d\000R\000e\000g\000i\000s\000t\000e\000r}{subsection.2.1.2}% 16
\BOOKMARK [3][-]{subsubsection.2.1.2.10}{\376\377\000r\000e\000a\000d\000R\000P\000D}{subsection.2.1.2}% 17
\BOOKMARK [3][-]{subsubsection.2.1.2.11}{\376\377\000r\000e\000a\000d\000S\000t\000a\000t\000u\000s\000R\000e\000g\000i\000s\000t\000e\000r}{subsection.2.1.2}% 18
\BOOKMARK [3][-]{subsubsection.2.1.2.12}{\376\377\000r\000e\000c\000e\000i\000v\000e\000D\000a\000t\000a\000F\000r\000o\000m\000R\000x}{subsection.2.1.2}% 19
\BOOKMARK [3][-]{subsubsection.2.1.2.13}{\376\377\000r\000e\000s\000e\000t\000M\000o\000d\000u\000l\000e}{subsection.2.1.2}% 20
\BOOKMARK [3][-]{subsubsection.2.1.2.14}{\376\377\000r\000e\000s\000e\000t\000R\000X\000i\000r\000q}{subsection.2.1.2}% 21
\BOOKMARK [3][-]{subsubsection.2.1.2.15}{\376\377\000r\000e\000s\000e\000t\000T\000X\000i\000r\000q}{subsection.2.1.2}% 22
\BOOKMARK [3][-]{subsubsection.2.1.2.16}{\376\377\000r\000e\000t\000u\000r\000n\000S\000t\000a\000n\000d\000B\000y\000I}{subsection.2.1.2}% 23
\BOOKMARK [3][-]{subsubsection.2.1.2.17}{\376\377\000s\000e\000t\000A\000i\000r\000D\000a\000t\000a\000R\000a\000t\000e}{subsection.2.1.2}% 24
\BOOKMARK [3][-]{subsubsection.2.1.2.18}{\376\377\000s\000e\000t\000R\000e\000c\000e\000i\000v\000e\000M\000o\000d\000e}{subsection.2.1.2}% 25
\BOOKMARK [3][-]{subsubsection.2.1.2.19}{\376\377\000s\000e\000t\000R\000f\000C\000h\000a\000n\000n\000e\000l}{subsection.2.1.2}% 26
\BOOKMARK [3][-]{subsubsection.2.1.2.20}{\376\377\000s\000e\000t\000S\000t\000a\000t\000i\000c\000P\000a\000y\000l\000o\000a\000d\000S\000i\000z\000e}{subsection.2.1.2}% 27
\BOOKMARK [3][-]{subsubsection.2.1.2.21}{\376\377\000s\000e\000t\000T\000r\000a\000n\000s\000m\000i\000t\000M\000o\000d\000e}{subsection.2.1.2}% 28
\BOOKMARK [3][-]{subsubsection.2.1.2.22}{\376\377\000s\000h\000o\000w\000I\000n\000t\000e\000r\000n\000a\000l}{subsection.2.1.2}% 29
\BOOKMARK [3][-]{subsubsection.2.1.2.23}{\376\377\000T\000r\000a\000s\000m\000i\000t\000D\000a\000t\000a}{subsection.2.1.2}% 30
\BOOKMARK [3][-]{subsubsection.2.1.2.24}{\376\377\000w\000r\000i\000t\000e\000R\000e\000g\000i\000s\000t\000e\000r}{subsection.2.1.2}% 31
\BOOKMARK [1][-]{section.2.2}{\376\377\000s\000p\000i\000\040\000C\000l\000a\000s\000s\000\040\000R\000e\000f\000e\000r\000e\000n\000c\000e}{chapter.2}% 32
\BOOKMARK [2][-]{subsection.2.2.1}{\376\377\000M\000e\000m\000b\000e\000r\000\040\000F\000u\000n\000c\000t\000i\000o\000n\000\040\000D\000o\000c\000u\000m\000e\000n\000t\000a\000t\000i\000o\000n}{section.2.2}% 33
\BOOKMARK [3][-]{subsubsection.2.2.1.1}{\376\377\000r\000e\000c\000e\000i\000v\000e}{subsection.2.2.1}% 34
\BOOKMARK [3][-]{subsubsection.2.2.1.2}{\376\377\000s\000e\000n\000d}{subsection.2.2.1}% 35
\BOOKMARK [-1][-]{section*.4}{\376\377\000I\000n\000d\000e\000x}{}% 36
